<?xml version="1.0" encoding="UTF-8" ?>
<testsuite tests="1" failures="0" name="com.smbms.service.impl.userMapperServiceimplTest" time="0.204" errors="1" skipped="0">
  <properties>
    <property name="java.runtime.name" value="Java(TM) SE Runtime Environment"/>
    <property name="sun.boot.library.path" value="D:\JDK\jre\bin"/>
    <property name="java.vm.version" value="25.66-b17"/>
    <property name="java.vm.vendor" value="Oracle Corporation"/>
    <property name="maven.multiModuleProjectDirectory" value="D:\maven_Test\Maven_Dome1"/>
    <property name="java.vendor.url" value="http://java.oracle.com/"/>
    <property name="path.separator" value=";"/>
    <property name="guice.disable.misplaced.annotation.check" value="true"/>
    <property name="java.vm.name" value="Java HotSpot(TM) Client VM"/>
    <property name="file.encoding.pkg" value="sun.io"/>
    <property name="user.script" value=""/>
    <property name="user.country" value="CN"/>
    <property name="sun.java.launcher" value="SUN_STANDARD"/>
    <property name="sun.os.patch.level" value=""/>
    <property name="java.vm.specification.name" value="Java Virtual Machine Specification"/>
    <property name="user.dir" value="D:\maven_Test\Maven_Dome1"/>
    <property name="java.runtime.version" value="1.8.0_66-b17"/>
    <property name="java.awt.graphicsenv" value="sun.awt.Win32GraphicsEnvironment"/>
    <property name="java.endorsed.dirs" value="D:\JDK\jre\lib\endorsed"/>
    <property name="os.arch" value="x86"/>
    <property name="java.io.tmpdir" value="C:\Users\66和77\AppData\Local\Temp\"/>
    <property name="line.separator" value="
"/>
    <property name="java.vm.specification.vendor" value="Oracle Corporation"/>
    <property name="user.variant" value=""/>
    <property name="os.name" value="Windows 10"/>
    <property name="maven.ext.class.path" value="C:\Program Files\JetBrains\IntelliJ IDEA 2019.3.3\plugins\maven\lib\maven-event-listener.jar"/>
    <property name="classworlds.conf" value="D:\Hunter\tool\apache-maven-3.5.3\bin\m2.conf"/>
    <property name="sun.jnu.encoding" value="GBK"/>
    <property name="java.library.path" value="D:\JDK\bin;C:\WINDOWS\Sun\Java\bin;C:\WINDOWS\system32;C:\WINDOWS;D:\Hunter\tool\apache-maven-3.5.3\bin;E:\jdk1.8jdk\bin;E:\jdk1.8jdk\jre\bin;C:\WINDOWS\system32;C:\WINDOWS;C:\WINDOWS\System32\Wbem;%M2_HOME%;C:\Users\66和77\AppData\Local\Microsoft\WindowsApps;%M2_HOME%;;."/>
    <property name="maven.conf" value="D:\Hunter\tool\apache-maven-3.5.3/conf"/>
    <property name="java.specification.name" value="Java Platform API Specification"/>
    <property name="java.class.version" value="52.0"/>
    <property name="sun.management.compiler" value="HotSpot Client Compiler"/>
    <property name="idea.version2019.3.3" value="true"/>
    <property name="os.version" value="10.0"/>
    <property name="user.home" value="C:\Users\66和77"/>
    <property name="user.timezone" value="Asia/Shanghai"/>
    <property name="java.awt.printerjob" value="sun.awt.windows.WPrinterJob"/>
    <property name="java.specification.version" value="1.8"/>
    <property name="file.encoding" value="UTF-8"/>
    <property name="user.name" value="66和77"/>
    <property name="java.class.path" value="D:\Hunter\tool\apache-maven-3.5.3\boot\plexus-classworlds-2.5.2.jar;C:\Program Files\JetBrains\IntelliJ IDEA 2019.3.3\lib\idea_rt.jar"/>
    <property name="java.vm.specification.version" value="1.8"/>
    <property name="sun.arch.data.model" value="32"/>
    <property name="java.home" value="D:\JDK\jre"/>
    <property name="sun.java.command" value="org.codehaus.classworlds.Launcher -Didea.version2019.3.3 -s C:\Users\66和77\.m2\settings.xml test"/>
    <property name="java.specification.vendor" value="Oracle Corporation"/>
    <property name="user.language" value="zh"/>
    <property name="awt.toolkit" value="sun.awt.windows.WToolkit"/>
    <property name="java.vm.info" value="mixed mode"/>
    <property name="java.version" value="1.8.0_66"/>
    <property name="java.ext.dirs" value="D:\JDK\jre\lib\ext;C:\WINDOWS\Sun\Java\lib\ext"/>
    <property name="sun.boot.class.path" value="D:\JDK\jre\lib\resources.jar;D:\JDK\jre\lib\rt.jar;D:\JDK\jre\lib\sunrsasign.jar;D:\JDK\jre\lib\jsse.jar;D:\JDK\jre\lib\jce.jar;D:\JDK\jre\lib\charsets.jar;D:\JDK\jre\lib\jfr.jar;D:\JDK\jre\classes"/>
    <property name="java.vendor" value="Oracle Corporation"/>
    <property name="maven.home" value="D:\Hunter\tool\apache-maven-3.5.3"/>
    <property name="file.separator" value="\"/>
    <property name="java.vendor.url.bug" value="http://bugreport.sun.com/bugreport/"/>
    <property name="sun.cpu.endian" value="little"/>
    <property name="sun.io.unicode.encoding" value="UnicodeLittle"/>
    <property name="sun.desktop" value="windows"/>
    <property name="sun.cpu.isalist" value="pentium_pro+mmx pentium_pro pentium+mmx pentium i486 i386 i86"/>
  </properties>
  <testcase classname="com.smbms.service.impl.userMapperServiceimplTest" name="pageSize" time="0.204">
    <error message="Bean named &apos;userMapperServiceimpl&apos; must be of type [com.smbms.service.impl.userMapperServiceimpl], but was actually of type [com.sun.proxy.$Proxy27]" type="org.springframework.beans.factory.BeanNotOfRequiredTypeException">org.springframework.beans.factory.BeanNotOfRequiredTypeException: Bean named &apos;userMapperServiceimpl&apos; must be of type [com.smbms.service.impl.userMapperServiceimpl], but was actually of type [com.sun.proxy.$Proxy27]
	at org.springframework.beans.factory.support.AbstractBeanFactory.doGetBean(AbstractBeanFactory.java:378)
	at org.springframework.beans.factory.support.AbstractBeanFactory.getBean(AbstractBeanFactory.java:202)
	at org.springframework.context.support.AbstractApplicationContext.getBean(AbstractApplicationContext.java:1060)
	at com.smbms.service.impl.userMapperServiceimplTest.pageSize(userMapperServiceimplTest.java:18)
	at sun.reflect.NativeMethodAccessorImpl.invoke0(Native Method)
	at sun.reflect.NativeMethodAccessorImpl.invoke(NativeMethodAccessorImpl.java:62)
	at sun.reflect.DelegatingMethodAccessorImpl.invoke(DelegatingMethodAccessorImpl.java:43)
	at java.lang.reflect.Method.invoke(Method.java:497)
	at org.junit.runners.model.FrameworkMethod$1.runReflectiveCall(FrameworkMethod.java:47)
	at org.junit.internal.runners.model.ReflectiveCallable.run(ReflectiveCallable.java:12)
	at org.junit.runners.model.FrameworkMethod.invokeExplosively(FrameworkMethod.java:44)
	at org.junit.internal.runners.statements.InvokeMethod.evaluate(InvokeMethod.java:17)
	at org.junit.runners.ParentRunner.runLeaf(ParentRunner.java:271)
	at org.junit.runners.BlockJUnit4ClassRunner.runChild(BlockJUnit4ClassRunner.java:70)
	at org.junit.runners.BlockJUnit4ClassRunner.runChild(BlockJUnit4ClassRunner.java:50)
	at org.junit.runners.ParentRunner$3.run(ParentRunner.java:238)
	at org.junit.runners.ParentRunner$1.schedule(ParentRunner.java:63)
	at org.junit.runners.ParentRunner.runChildren(ParentRunner.java:236)
	at org.junit.runners.ParentRunner.access$000(ParentRunner.java:53)
	at org.junit.runners.ParentRunner$2.evaluate(ParentRunner.java:229)
	at org.junit.runners.ParentRunner.run(ParentRunner.java:309)
	at org.apache.maven.surefire.junit4.JUnit4Provider.execute(JUnit4Provider.java:252)
	at org.apache.maven.surefire.junit4.JUnit4Provider.executeTestSet(JUnit4Provider.java:141)
	at org.apache.maven.surefire.junit4.JUnit4Provider.invoke(JUnit4Provider.java:112)
	at sun.reflect.NativeMethodAccessorImpl.invoke0(Native Method)
	at sun.reflect.NativeMethodAccessorImpl.invoke(NativeMethodAccessorImpl.java:62)
	at sun.reflect.DelegatingMethodAccessorImpl.invoke(DelegatingMethodAccessorImpl.java:43)
	at java.lang.reflect.Method.invoke(Method.java:497)
	at org.apache.maven.surefire.util.ReflectionUtils.invokeMethodWithArray(ReflectionUtils.java:189)
	at org.apache.maven.surefire.booter.ProviderFactory$ProviderProxy.invoke(ProviderFactory.java:165)
	at org.apache.maven.surefire.booter.ProviderFactory.invokeProvider(ProviderFactory.java:85)
	at org.apache.maven.surefire.booter.ForkedBooter.runSuitesInProcess(ForkedBooter.java:115)
	at org.apache.maven.surefire.booter.ForkedBooter.main(ForkedBooter.java:75)
</error>
    <system-err>���� 11, 2021 10:17:09 ���� org.springframework.context.support.ClassPathXmlApplicationContext prepareRefresh
��Ϣ: Refreshing org.springframework.context.support.ClassPathXmlApplicationContext@da663: startup date [Tue May 11 22:17:09 CST 2021]; root of context hierarchy
���� 11, 2021 10:17:09 ���� org.springframework.beans.factory.xml.XmlBeanDefinitionReader loadBeanDefinitions
��Ϣ: Loading XML bean definitions from class path resource [applicationContext.xml]
���� 11, 2021 10:17:09 ���� org.springframework.beans.factory.xml.XmlBeanDefinitionReader loadBeanDefinitions
��Ϣ: Loading XML bean definitions from class path resource [spring-dao.xml]
���� 11, 2021 10:17:09 ���� org.springframework.beans.factory.xml.XmlBeanDefinitionReader loadBeanDefinitions
��Ϣ: Loading XML bean definitions from class path resource [spring-mvc.xml]
���� 11, 2021 10:17:09 ���� org.springframework.beans.factory.support.DefaultListableBeanFactory registerBeanDefinition
��Ϣ: Overriding bean definition for bean &apos;org.springframework.web.servlet.mvc.method.annotation.RequestMappingHandlerMapping&apos; with a different definition: replacing [Root bean: class [org.springframework.web.servlet.mvc.method.annotation.RequestMappingHandlerMapping]; scope=; abstract=false; lazyInit=false; autowireMode=0; dependencyCheck=0; autowireCandidate=true; primary=false; factoryBeanName=null; factoryMethodName=null; initMethodName=null; destroyMethodName=null] with [Root bean: class [org.springframework.web.servlet.mvc.method.annotation.RequestMappingHandlerMapping]; scope=; abstract=false; lazyInit=false; autowireMode=0; dependencyCheck=0; autowireCandidate=true; primary=false; factoryBeanName=null; factoryMethodName=null; initMethodName=null; destroyMethodName=null]
���� 11, 2021 10:17:09 ���� org.springframework.beans.factory.support.DefaultListableBeanFactory registerBeanDefinition
��Ϣ: Overriding bean definition for bean &apos;org.springframework.web.servlet.mvc.method.annotation.RequestMappingHandlerAdapter&apos; with a different definition: replacing [Root bean: class [org.springframework.web.servlet.mvc.method.annotation.RequestMappingHandlerAdapter]; scope=; abstract=false; lazyInit=false; autowireMode=0; dependencyCheck=0; autowireCandidate=true; primary=false; factoryBeanName=null; factoryMethodName=null; initMethodName=null; destroyMethodName=null] with [Root bean: class [org.springframework.web.servlet.mvc.method.annotation.RequestMappingHandlerAdapter]; scope=; abstract=false; lazyInit=false; autowireMode=0; dependencyCheck=0; autowireCandidate=true; primary=false; factoryBeanName=null; factoryMethodName=null; initMethodName=null; destroyMethodName=null]
���� 11, 2021 10:17:09 ���� org.springframework.beans.factory.support.DefaultListableBeanFactory registerBeanDefinition
��Ϣ: Overriding bean definition for bean &apos;mvcUriComponentsContributor&apos; with a different definition: replacing [Root bean: class [org.springframework.web.servlet.config.AnnotationDrivenBeanDefinitionParser$CompositeUriComponentsContributorFactoryBean]; scope=; abstract=false; lazyInit=false; autowireMode=0; dependencyCheck=0; autowireCandidate=true; primary=false; factoryBeanName=null; factoryMethodName=null; initMethodName=null; destroyMethodName=null] with [Root bean: class [org.springframework.web.servlet.config.AnnotationDrivenBeanDefinitionParser$CompositeUriComponentsContributorFactoryBean]; scope=; abstract=false; lazyInit=false; autowireMode=0; dependencyCheck=0; autowireCandidate=true; primary=false; factoryBeanName=null; factoryMethodName=null; initMethodName=null; destroyMethodName=null]
���� 11, 2021 10:17:09 ���� org.springframework.beans.factory.xml.XmlBeanDefinitionReader loadBeanDefinitions
��Ϣ: Loading XML bean definitions from class path resource [spring-service.xml]
���� 11, 2021 10:17:09 ���� org.springframework.beans.factory.xml.XmlBeanDefinitionReader loadBeanDefinitions
��Ϣ: Loading XML bean definitions from class path resource [spring-dao.xml]
���� 11, 2021 10:17:09 ���� org.springframework.beans.factory.config.PropertyPlaceholderConfigurer loadProperties
��Ϣ: Loading properties file from class path resource [db.properties]
���� 11, 2021 10:17:09 ���� org.springframework.beans.factory.config.PropertyPlaceholderConfigurer loadProperties
��Ϣ: Loading properties file from class path resource [db.properties]
���� 11, 2021 10:17:09 ���� org.springframework.web.servlet.mvc.method.annotation.RequestMappingHandlerMapping register
��Ϣ: Mapped &quot;{[/bill/billList]}&quot; onto public java.lang.String com.smbms.controller.billController.billList()
���� 11, 2021 10:17:09 ���� org.springframework.web.servlet.mvc.method.annotation.RequestMappingHandlerMapping register
��Ϣ: Mapped &quot;{[/provider/add]}&quot; onto public java.lang.String com.smbms.controller.ProviderController.add(com.smbms.entity.Provider,org.springframework.ui.Model)
���� 11, 2021 10:17:09 ���� org.springframework.web.servlet.mvc.method.annotation.RequestMappingHandlerMapping register
��Ϣ: Mapped &quot;{[/provider/query]}&quot; onto public java.lang.String com.smbms.controller.ProviderController.query(java.lang.Integer,org.springframework.ui.Model)
���� 11, 2021 10:17:09 ���� org.springframework.web.servlet.mvc.method.annotation.RequestMappingHandlerMapping register
��Ϣ: Mapped &quot;{[/provider/show]}&quot; onto public java.lang.String com.smbms.controller.ProviderController.showList(org.springframework.ui.Model)
���� 11, 2021 10:17:09 ���� org.springframework.web.servlet.mvc.method.annotation.RequestMappingHandlerMapping register
��Ϣ: Mapped &quot;{[/provider/pro.do]}&quot; onto public java.lang.String com.smbms.controller.ProviderController.JSON(java.lang.String,org.springframework.ui.Model)
���� 11, 2021 10:17:09 ���� org.springframework.web.servlet.mvc.method.annotation.RequestMappingHandlerMapping register
��Ϣ: Mapped &quot;{[/provider/ProviderList.do]}&quot; onto public java.lang.String com.smbms.controller.ProviderController.ProviderList(java.lang.Integer,org.springframework.ui.Model)
���� 11, 2021 10:17:09 ���� org.springframework.web.servlet.mvc.method.annotation.RequestMappingHandlerMapping register
��Ϣ: Mapped &quot;{[/User/add]}&quot; onto public java.lang.String com.smbms.controller.UserController.add(org.springframework.ui.Model)
���� 11, 2021 10:17:09 ���� org.springframework.web.servlet.mvc.method.annotation.RequestMappingHandlerMapping register
��Ϣ: Mapped &quot;{[/User/user.do]}&quot; onto public java.lang.String com.smbms.controller.UserController.user(com.smbms.entity.User,javax.servlet.http.HttpServletRequest,org.springframework.web.multipart.MultipartFile) throws java.io.IOException
���� 11, 2021 10:17:09 ���� org.springframework.web.servlet.mvc.method.annotation.RequestMappingHandlerMapping register
��Ϣ: Mapped &quot;{[/User/ view.do{id}]}&quot; onto public java.lang.String com.smbms.controller.UserController.view(java.lang.Integer,org.springframework.ui.Model)
���� 11, 2021 10:17:09 ���� org.springframework.web.servlet.mvc.method.annotation.RequestMappingHandlerMapping register
��Ϣ: Mapped &quot;{[/User/modify.do]}&quot; onto public java.lang.String com.smbms.controller.UserController.modify(com.smbms.entity.User,java.lang.Integer,org.springframework.ui.Model)
���� 11, 2021 10:17:09 ���� org.springframework.web.servlet.mvc.method.annotation.RequestMappingHandlerMapping register
��Ϣ: Mapped &quot;{[/User/userList.do]}&quot; onto public java.lang.String com.smbms.controller.UserController.userList(org.springframework.ui.Model)
���� 11, 2021 10:17:09 ���� org.springframework.web.servlet.mvc.method.annotation.RequestMappingHandlerMapping register
��Ϣ: Mapped &quot;{[/User/UserView.do]}&quot; onto public java.lang.String com.smbms.controller.UserController.UserView(org.springframework.ui.Model)
���� 11, 2021 10:17:09 ���� org.springframework.web.servlet.mvc.method.annotation.RequestMappingHandlerMapping register
��Ϣ: Mapped &quot;{[/User/login.do]}&quot; onto public java.lang.String com.smbms.controller.UserController.login(java.lang.String,java.lang.String,org.springframework.ui.Model,javax.servlet.http.HttpSession)
���� 11, 2021 10:17:09 ���� org.springframework.web.servlet.mvc.method.annotation.RequestMappingHandlerMapping register
��Ϣ: Mapped &quot;{[/User/addUser.do]}&quot; onto public java.lang.String com.smbms.controller.UserController.addUser(org.springframework.ui.Model)
���� 11, 2021 10:17:09 ���� org.springframework.web.servlet.mvc.method.annotation.RequestMappingHandlerMapping register
��Ϣ: Mapped &quot;{[/User/RoleShow.do]}&quot; onto public java.lang.String com.smbms.controller.UserController.RoleShow(org.springframework.ui.Model)
���� 11, 2021 10:17:09 ���� org.springframework.web.servlet.mvc.method.annotation.RequestMappingHandlerMapping register
��Ϣ: Mapped &quot;{[/User/UserCode.do]}&quot; onto public java.lang.String com.smbms.controller.UserController.UserCode(java.lang.String,org.springframework.ui.Model)
���� 11, 2021 10:17:09 ���� org.springframework.web.servlet.mvc.method.annotation.RequestMappingHandlerMapping register
��Ϣ: Mapped &quot;{[/User/pswModify.do]}&quot; onto public java.lang.String com.smbms.controller.UserController.pswModify(java.lang.String,org.springframework.ui.Model,javax.servlet.http.HttpSession)
���� 11, 2021 10:17:09 ���� org.springframework.web.servlet.mvc.method.annotation.RequestMappingHandlerMapping register
��Ϣ: Mapped &quot;{[/User/modifyUser.do]}&quot; onto public java.lang.String com.smbms.controller.UserController.modifyUser(java.lang.Integer,org.springframework.ui.Model)
���� 11, 2021 10:17:09 ���� org.springframework.web.servlet.mvc.method.annotation.RequestMappingHandlerMapping register
��Ϣ: Mapped &quot;{[/User/testingpwd.do]}&quot; onto public java.lang.String com.smbms.controller.UserController.testingpwd(java.lang.String,org.springframework.ui.Model,javax.servlet.http.HttpSession,javax.servlet.http.HttpServletResponse,javax.servlet.http.HttpServletRequest) throws java.io.IOException
���� 11, 2021 10:17:09 ���� org.springframework.web.servlet.mvc.method.annotation.RequestMappingHandlerMapping register
��Ϣ: Mapped &quot;{[/User/queryList.do]}&quot; onto public java.lang.String com.smbms.controller.UserController.queryList(org.springframework.ui.Model,java.lang.String,java.lang.Integer,java.lang.Integer,java.lang.Integer)
���� 11, 2021 10:17:09 ���� org.springframework.web.servlet.mvc.method.annotation.RequestMappingHandlerMapping register
��Ϣ: Mapped &quot;{[/User/delectUser.do]}&quot; onto public java.lang.String com.smbms.controller.UserController.delectUser(java.lang.String,org.springframework.ui.Model)
���� 11, 2021 10:17:09 ���� org.springframework.web.servlet.mvc.method.annotation.RequestMappingHandlerMapping register
��Ϣ: Mapped &quot;{[/User/pwdmodify.do]}&quot; onto public java.lang.String com.smbms.controller.UserController.pwdmodify(org.springframework.ui.Model)
���� 11, 2021 10:17:09 ���� org.springframework.web.servlet.mvc.method.annotation.RequestMappingHandlerAdapter initControllerAdviceCache
��Ϣ: Looking for @ControllerAdvice: org.springframework.context.support.ClassPathXmlApplicationContext@da663: startup date [Tue May 11 22:17:09 CST 2021]; root of context hierarchy
���� 11, 2021 10:17:09 ���� org.springframework.web.servlet.mvc.method.annotation.RequestMappingHandlerAdapter initControllerAdviceCache
��Ϣ: Looking for @ControllerAdvice: org.springframework.context.support.ClassPathXmlApplicationContext@da663: startup date [Tue May 11 22:17:09 CST 2021]; root of context hierarchy
���� 11, 2021 10:17:09 ���� org.springframework.web.servlet.handler.SimpleUrlHandlerMapping registerHandler
��Ϣ: Mapped URL path [/**] onto handler &apos;org.springframework.web.servlet.resource.DefaultServletHttpRequestHandler#0&apos;
</system-err>
  </testcase>
</testsuite>